(1586543188.428072) vcan0 300#FF
(1586543188.436559) vcan0 300#00FF
(1586543188.443080) vcan0 300#0000FF
(1586543188.448722) vcan0 300#000000FF
(1586543188.458887) vcan0 300#00000000FF
(1586543188.463887) vcan0 300#0000000000FF
(1586543188.471696) vcan0 300#000000000000FF
(1586543188.476967) vcan0 300#00000000000000FF
(1586543197.363843) vcan0 300#FF
(1586543197.372512) vcan0 300#00FF
(1586543197.379792) vcan0 300#0000FF
(1586543197.413919) vcan0 300#000000FF
(1586543197.426784) vcan0 300#00000000FF
(1586543197.434887) vcan0 300#0000000000FF
(1586543197.443367) vcan0 300#000000000000FF
(1586543197.457135) vcan0 300#00000000000000FF
(1586543201.040137) vcan0 300#FF
(1586543201.045334) vcan0 300#00FF
(1586543201.056843) vcan0 300#0000FF
(1586543201.069885) vcan0 300#000000FF
(1586543201.075109) vcan0 300#00000000FF
(1586543201.079842) vcan0 300#0000000000FF
(1586543201.090290) vcan0 300#000000000000FF
(1586543201.105960) vcan0 300#00000000000000FF
(1586543230.519128) vcan0 202#6001606060606000
(1586543237.445881) vcan0 202#6001606060606000
(1586543239.026645) vcan0 202#6001606060606000
(1586543294.487575) vcan0 123#DEADBEEF
(1586543304.343213) vcan0 123#DEAD1337
(1586543377.982667) vcan0 400#7370
(1586543417.476422) vcan0 300#FF
(1586543417.481448) vcan0 300#00FF
(1586543417.491509) vcan0 300#0000FF
(1586543417.496286) vcan0 300#000000FF
(1586543417.507834) vcan0 300#00000000FF
(1586543417.512270) vcan0 300#0000000000FF
(1586543417.553209) vcan0 300#000000000000FF
(1586543417.562100) vcan0 300#00000000000000FF
(1586543471.203652) vcan0 510#10AD013CF048120B
(1586543471.209108) vcan0 510#10AD013CF048120B
(1586543471.220850) vcan0 510#10AD013CF048120B
(1586543471.231212) vcan0 510#10AD013CF048120B
(1586543471.237744) vcan0 510#10AD013CF048120B
(1586543471.242660) vcan0 510#10AD013CF048120B
(1586543471.252513) vcan0 510#10AD013CF048120B
(1586543471.267488) vcan0 510#10AD013CF048120B
(1586543471.273624) vcan0 510#10AD013CF048120B
(1586543471.281006) vcan0 510#10AD013CF048120B
(1586543471.286160) vcan0 510#10AD013CF048120B
(1586543471.297813) vcan0 510#10AD013CF048120B
(1586543471.310551) vcan0 510#10AD013CF048120B
(1586543471.316199) vcan0 510#10AD013CF048120B
(1586543471.325385) vcan0 510#10AD013CF048120B
(1586543471.333994) vcan0 510#10AD013CF048120B
(1586543471.342735) vcan0 510#10AD013CF048120B
(1586543471.348554) vcan0 510#10AD013CF048120B
(1586543471.356395) vcan0 510#10AD013CF048120B
(1586543471.364891) vcan0 510#10AD013CF048120B
(1586543471.375595) vcan0 510#10AD013CF048120B
(1586543471.381546) vcan0 510#10AD013CF048120B
(1586543471.392107) vcan0 510#10AD013CF048120B
(1586543471.399097) vcan0 510#10AD013CF048120B
(1586543471.404767) vcan0 510#10AD013CF048120B
(1586543471.410805) vcan0 510#10AD013CF048120B
(1586543471.424770) vcan0 510#10AD013CF048120B
(1586543471.429814) vcan0 510#10AD013CF048120B
(1586543471.437005) vcan0 510#10AD013CF048120B
(1586543471.445428) vcan0 510#10AD013CF048120B
(1586543471.453872) vcan0 510#10AD013CF048120B
(1586543471.465834) vcan0 510#10AD013CF048120B
(1586543471.470968) vcan0 510#10AD013CF048120B
(1586543471.486664) vcan0 510#10AD013CF048120B
(1586543471.526997) vcan0 510#10AD013CF048120B
(1586543471.535720) vcan0 510#10AD013CF048120B
(1586543471.547352) vcan0 510#10AD013CF048120B
(1586543471.552483) vcan0 510#10AD013CF048120B
(1586543471.558545) vcan0 510#10AD013CF048120B
(1586543471.563927) vcan0 510#10AD013CF048120B
(1586543471.574259) vcan0 510#10AD013CF048120B
(1586543471.582829) vcan0 510#10AD013CF048120B
(1586543471.591632) vcan0 510#10AD013CF048120B
(1586543471.597363) vcan0 510#10AD013CF048120B
(1586543471.610493) vcan0 510#10AD013CF048120B
(1586543471.615166) vcan0 510#10AD013CF048120B
(1586543471.624017) vcan0 510#10AD013CF048120B
(1586543471.629933) vcan0 510#10AD013CF048120B
(1586543471.642635) vcan0 510#10AD013CF048120B
(1586543471.649634) vcan0 510#10AD013CF048120B
(1586543471.654353) vcan0 510#10AD013CF048120B
(1586543471.660541) vcan0 510#10AD013CF048120B
(1586543471.676267) vcan0 510#10AD013CF048120B
(1586543471.684122) vcan0 510#10AD013CF048120B
(1586543471.689109) vcan0 510#10AD013CF048120B
(1586543471.697743) vcan0 510#10AD013CF048120B
(1586543471.705309) vcan0 510#10AD013CF048120B
(1586543471.713627) vcan0 510#10AD013CF048120B
(1586543471.718609) vcan0 510#10AD013CF048120B
(1586543471.729336) vcan0 510#10AD013CF048120B
(1586543471.736942) vcan0 510#10AD013CF048120B
(1586543471.745322) vcan0 510#10AD013CF048120B
(1586543471.750450) vcan0 510#10AD013CF048120B
(1586543471.760971) vcan0 510#10AD013CF048120B
(1586543471.769484) vcan0 510#10AD013CF048120B
(1586543471.777192) vcan0 510#10AD013CF048120B
(1586543471.782136) vcan0 510#10AD013CF048120B
(1586543471.792941) vcan0 510#10AD013CF048120B
(1586543471.799565) vcan0 510#10AD013CF048120B
(1586543471.806910) vcan0 510#10AD013CF048120B
(1586543471.812213) vcan0 510#10AD013CF048120B
(1586543471.825854) vcan0 510#10AD013CF048120B
(1586543471.830704) vcan0 510#10AD013CF048120B
(1586543471.837542) vcan0 510#10AD013CF048120B
(1586543471.843775) vcan0 510#10AD013CF048120B
(1586543471.856461) vcan0 510#10AD013CF048120B
(1586543471.862320) vcan0 510#10AD013CF048120B
(1586543471.868234) vcan0 510#10AD013CF048120B
(1586543471.873127) vcan0 510#10AD013CF048120B
(1586543471.884002) vcan0 510#10AD013CF048120B
(1586543471.893174) vcan0 510#10AD013CF048120B
(1586543471.929057) vcan0 510#10AD013CF048120B
(1586543471.934316) vcan0 510#10AD013CF048120B
(1586543471.940914) vcan0 510#10AD013CF048120B
(1586543471.953329) vcan0 510#10AD013CF048120B
(1586543471.962158) vcan0 510#10AD013CF048120B
(1586543471.967533) vcan0 510#10AD013CF048120B
(1586543471.979007) vcan0 510#10AD013CF048120B
(1586543471.986887) vcan0 510#10AD013CF048120B
(1586543471.996011) vcan0 510#10AD013CF048120B
(1586543472.001394) vcan0 510#10AD013CF048120B
(1586543472.013975) vcan0 510#10AD013CF048120B
(1586543472.020775) vcan0 510#10AD013CF048120B
(1586543472.026875) vcan0 510#10AD013CF048120B
(1586543472.031839) vcan0 510#10AD013CF048120B
(1586543472.044311) vcan0 510#10AD013CF048120B
(1586543472.051603) vcan0 510#10AD013CF048120B
(1586543472.056814) vcan0 510#10AD013CF048120B
(1586543472.081354) vcan0 510#10AD013CF048120B
(1586543472.091886) vcan0 510#10AD013CF048120B
(1586543472.100017) vcan0 510#10AD013CF048120B
(1586543472.104518) vcan0 510#10AD013CF048120B
(1586543472.113370) vcan0 510#10AD013CF048120B
(1586543472.120974) vcan0 510#10AD013CF048120B
(1586543472.132288) vcan0 510#10AD013CF048120B
(1586543472.137382) vcan0 510#10AD013CF048120B
(1586543472.143644) vcan0 510#10AD013CF048120B
(1586543472.151413) vcan0 510#10AD013CF048120B
(1586543472.156406) vcan0 510#10AD013CF048120B
(1586543472.167118) vcan0 510#10AD013CF048120B
(1586543472.174733) vcan0 510#10AD013CF048120B
(1586543472.183403) vcan0 510#10AD013CF048120B
(1586543472.190911) vcan0 510#10AD013CF048120B
(1586543472.203503) vcan0 510#10AD013CF048120B
(1586543472.212739) vcan0 510#10AD013CF048120B
(1586543472.217710) vcan0 510#10AD013CF048120B
(1586543472.232141) vcan0 510#10AD013CF048120B
(1586543472.236842) vcan0 510#10AD013CF048120B
(1586543472.244355) vcan0 510#10AD013CF048120B
(1586543472.249043) vcan0 510#10AD013CF048120B
(1586543472.257849) vcan0 510#10AD013CF048120B
(1586543472.266283) vcan0 510#10AD013CF048120B
(1586543472.270969) vcan0 510#10AD013CF048120B
(1586543472.279268) vcan0 510#10AD013CF048120B
(1586543472.289419) vcan0 510#10AD013CF048120B
(1586543472.294262) vcan0 510#10AD013CF048120B
(1586543472.312396) vcan0 510#10AD013CF048120B
(1586543472.320094) vcan0 510#10AD013CF048120B
(1586543472.345774) vcan0 510#10AD013CF048120B
(1586543472.353888) vcan0 510#10AD013CF048120B
(1586543472.362094) vcan0 510#10AD013CF048120B
(1586543472.368745) vcan0 510#10AD013CF048120B
(1586543472.374149) vcan0 510#10AD013CF048120B
(1586543472.387933) vcan0 510#10AD013CF048120B
(1586543472.396452) vcan0 510#10AD013CF048120B
(1586543472.401495) vcan0 510#10AD013CF048120B
(1586543472.406534) vcan0 510#10AD013CF048120B
(1586543472.419515) vcan0 510#10AD013CF048120B
(1586543472.425672) vcan0 510#10AD013CF048120B
(1586543472.432413) vcan0 510#10AD013CF048120B
(1586543472.437509) vcan0 510#10AD013CF048120B
(1586543472.451400) vcan0 510#10AD013CF048120B
(1586543472.460126) vcan0 510#10AD013CF048120B
(1586543472.465334) vcan0 510#10AD013CF048120B
(1586543472.476459) vcan0 510#10AD013CF048120B
(1586543472.484401) vcan0 510#10AD013CF048120B
(1586543472.493420) vcan0 510#10AD013CF048120B
(1586543472.499132) vcan0 510#10AD013CF048120B
(1586543472.512615) vcan0 510#10AD013CF048120B
(1586543472.518911) vcan0 510#10AD013CF048120B
(1586543472.523777) vcan0 510#10AD013CF048120B
(1586543472.529947) vcan0 510#10AD013CF048120B
(1586543472.543743) vcan0 510#10AD013CF048120B
(1586543472.549505) vcan0 510#10AD013CF048120B
(1586543472.557760) vcan0 510#10AD013CF048120B
(1586543472.569184) vcan0 510#10AD013CF048120B
(1586543472.578530) vcan0 510#10AD013CF048120B
(1586543472.584538) vcan0 510#10AD013CF048120B
(1586543472.590049) vcan0 510#10AD013CF048120B
(1586543472.604978) vcan0 510#10AD013CF048120B
(1586543472.613614) vcan0 510#10AD013CF048120B
(1586543472.618910) vcan0 510#10AD013CF048120B
(1586543472.625861) vcan0 510#10AD013CF048120B
(1586543472.638180) vcan0 510#10AD013CF048120B
(1586543472.647238) vcan0 510#10AD013CF048120B
(1586543472.652770) vcan0 510#10AD013CF048120B
(1586543472.662331) vcan0 510#10AD013CF048120B
(1586543472.670389) vcan0 510#10AD013CF048120B
(1586543472.681100) vcan0 510#10AD013CF048120B
(1586543472.691648) vcan0 510#10AD013CF048120B
(1586543472.698128) vcan0 510#10AD013CF048120B
(1586543472.703284) vcan0 510#10AD013CF048120B
(1586543472.709883) vcan0 510#10AD013CF048120B
(1586543472.714832) vcan0 510#10AD013CF048120B
(1586543472.725730) vcan0 510#10AD013CF048120B
(1586543472.761485) vcan0 510#10AD013CF048120B
(1586543472.768804) vcan0 510#10AD013CF048120B
(1586543472.773780) vcan0 510#10AD013CF048120B
(1586543472.789673) vcan0 510#10AD013CF048120B
(1586543472.796394) vcan0 510#10AD013CF048120B
(1586543472.802738) vcan0 510#10AD013CF048120B
(1586543472.807870) vcan0 510#10AD013CF048120B
(1586543472.817106) vcan0 510#10AD013CF048120B
(1586543472.829734) vcan0 510#10AD013CF048120B
(1586543472.835293) vcan0 510#10AD013CF048120B
(1586543472.845955) vcan0 510#10AD013CF048120B
(1586543472.854809) vcan0 510#10AD013CF048120B
(1586543472.864654) vcan0 510#10AD013CF048120B
(1586543472.870086) vcan0 510#10AD013CF048120B
(1586543472.885424) vcan0 510#10AD013CF048120B
(1586543472.892265) vcan0 510#10AD013CF048120B
(1586543472.898181) vcan0 510#10AD013CF048120B
(1586543472.908743) vcan0 510#10AD013CF048120B
(1586543472.916815) vcan0 510#10AD013CF048120B
(1586543472.922618) vcan0 510#10AD013CF048120B
(1586543472.929022) vcan0 510#10AD013CF048120B
(1586543472.939502) vcan0 510#10AD013CF048120B
(1586543472.947319) vcan0 510#10AD013CF048120B
(1586543472.953868) vcan0 510#10AD013CF048120B
(1586543472.960252) vcan0 510#10AD013CF048120B
(1586543472.970987) vcan0 510#10AD013CF048120B
(1586543552.270240) vcan0 401#616365736174656C
(1586543571.314279) vcan0 7F1#0322F19000000000
(1586543599.412281) vcan0 7E0#020100
(1586543601.421365) vcan0 7E0#0103
(1586543603.430072) vcan0 7E0#0107
(1586543605.438221) vcan0 7E0#020900
(1586543617.054499) vcan0 7E0#020100
(1586543619.062204) vcan0 7E0#0103
(1586543621.071576) vcan0 7E0#0107
(1586543623.080935) vcan0 7E0#020900
(1586543638.938691) vcan0 600#021001
(1586543726.467251) vcan0 600#021001
(1586543738.799771) vcan0 300#FF
(1586543738.815488) vcan0 300#00FF
(1586543738.821020) vcan0 300#0000FF
(1586543738.831170) vcan0 300#000000FF
(1586543738.840255) vcan0 300#00000000FF
(1586543738.845369) vcan0 300#0000000000FF
(1586543738.860874) vcan0 300#000000000000FF
(1586543738.871683) vcan0 300#00000000000000FF
(1586543740.181527) vcan0 300#FF
(1586543740.194147) vcan0 300#00FF
(1586543740.199544) vcan0 300#0000FF
(1586543740.212199) vcan0 300#000000FF
(1586543740.217649) vcan0 300#00000000FF
(1586543740.222630) vcan0 300#0000000000FF
(1586543740.232772) vcan0 300#000000000000FF
(1586543740.245273) vcan0 300#00000000000000FF
(1586543741.489790) vcan0 300#FF
(1586543741.494932) vcan0 300#00FF
(1586543741.506217) vcan0 300#0000FF
(1586543741.519122) vcan0 300#000000FF
(1586543741.527557) vcan0 300#00000000FF
(1586543741.532731) vcan0 300#0000000000FF
(1586543741.548374) vcan0 300#000000000000FF
(1586543741.557589) vcan0 300#00000000000000FF
(1586543742.665009) vcan0 300#FF
(1586543742.670542) vcan0 300#00FF
(1586543742.680796) vcan0 300#0000FF
(1586543742.685341) vcan0 300#000000FF
(1586543742.692186) vcan0 300#00000000FF
(1586543742.700558) vcan0 300#0000000000FF
(1586543742.705000) vcan0 300#000000000000FF
(1586543742.714015) vcan0 300#00000000000000FF
(1586543743.968466) vcan0 300#FF
(1586543743.973715) vcan0 300#00FF
(1586543743.983564) vcan0 300#0000FF
(1586543744.018096) vcan0 300#000000FF
(1586543744.029561) vcan0 300#00000000FF
(1586543744.035125) vcan0 300#0000000000FF
(1586543744.040709) vcan0 300#000000000000FF
(1586543744.047887) vcan0 300#00000000000000FF
(1586543762.369765) vcan0 402#6C69746573686176
(1586543883.593255) vcan0 050#00000000000000
(1586543883.793596) vcan0 050#01000000000000
(1586543883.994863) vcan0 050#02000000000000
(1586543884.196378) vcan0 050#03000000000000
(1586543884.397931) vcan0 050#04000000000000
(1586543884.599534) vcan0 050#05000000000000
(1586543884.800127) vcan0 050#06000000000000
(1586543885.002080) vcan0 050#07000000000000
(1586543885.203512) vcan0 050#08000000000000
(1586543885.405059) vcan0 050#09000000000000
(1586543885.607043) vcan0 050#0A000000000000
(1586543885.807948) vcan0 050#0B000000000000
(1586543886.009354) vcan0 050#0C000000000000
(1586543886.211333) vcan0 050#0D000000000000
(1586543886.412981) vcan0 050#0E000000000000
(1586543886.614618) vcan0 050#0F000000000000
(1586543886.815032) vcan0 050#10000000000000
(1586543887.017065) vcan0 050#11000000000000
(1586543887.217380) vcan0 050#12000000000000
(1586543887.418881) vcan0 050#13000000000000
(1586543887.620432) vcan0 050#14000000000000
(1586543887.822466) vcan0 050#15000000000000
(1586543888.024899) vcan0 050#16000000000000
(1586543892.850273) vcan0 056#00000000000000
(1586543893.051793) vcan0 056#01000000000000
(1586543893.253625) vcan0 056#02000000000000
(1586543893.455283) vcan0 056#03000000000000
(1586543893.656301) vcan0 056#04000000000000
(1586543893.856744) vcan0 056#05000000000000
(1586543894.057660) vcan0 056#06000000000000
(1586543894.259030) vcan0 056#07000000000000
(1586543894.460235) vcan0 056#08000000000000
(1586543894.661272) vcan0 056#09000000000000
(1586543894.863194) vcan0 056#0A000000000000
(1586543895.064552) vcan0 056#0B000000000000
(1586543895.266007) vcan0 056#0C000000000000
(1586543895.467324) vcan0 056#0D000000000000
(1586543895.668709) vcan0 056#0E000000000000
(1586543895.869166) vcan0 056#0F000000000000
(1586543896.071092) vcan0 056#10000000000000
(1586543896.272618) vcan0 056#11000000000000
(1586543896.473122) vcan0 056#12000000000000
(1586543896.673408) vcan0 056#13000000000000
(1586543896.873976) vcan0 056#14000000000000
(1586543897.074426) vcan0 056#15000000000000
(1586543897.274586) vcan0 056#16000000000000
(1586543897.475725) vcan0 056#17000000000000
(1586543897.675885) vcan0 056#18000000000000
(1586543897.877312) vcan0 056#19000000000000
(1586543898.077616) vcan0 056#1A000000000000
(1586543898.279316) vcan0 056#1B000000000000
(1586543898.480541) vcan0 056#1C000000000000
(1586543898.681849) vcan0 056#1D000000000000
(1586543898.883078) vcan0 056#1E000000000000
(1586543899.084529) vcan0 056#1F000000000000
(1586543899.285761) vcan0 056#20000000000000
(1586543899.456723) vcan0 403#6563616E746F6F
(1586543899.485935) vcan0 056#21000000000000
(1586543899.686207) vcan0 056#22000000000000
(1586543899.888084) vcan0 056#23000000000000
(1586543900.089552) vcan0 056#24000000000000
(1586543900.289722) vcan0 056#25000000000000
(1586543900.490718) vcan0 056#26000000000000
(1586543900.692810) vcan0 056#27000000000000
(1586543900.894303) vcan0 056#28000000000000
(1586543901.096471) vcan0 056#29000000000000
(1586543901.297159) vcan0 056#2A000000000000
(1586543901.499404) vcan0 056#2B000000000000
(1586543901.699651) vcan0 056#2C000000000000
(1586543901.900356) vcan0 056#2D000000000000
(1586543902.100794) vcan0 056#2E000000000000
(1586543902.301183) vcan0 056#2F000000000000
(1586543902.502548) vcan0 056#30000000000000
(1586543902.704273) vcan0 056#31000000000000
(1586543902.906252) vcan0 056#32000000000000
(1586543903.108316) vcan0 056#33000000000000
(1586543903.309193) vcan0 056#34000000000000
(1586543903.511489) vcan0 056#35000000000000
(1586543903.711800) vcan0 056#36000000000000
(1586543903.913476) vcan0 056#37000000000000
(1586543904.114730) vcan0 056#38000000000000
(1586543904.316721) vcan0 056#39000000000000
(1586543904.517595) vcan0 056#3A000000000000
(1586543904.718374) vcan0 056#3B000000000000
(1586543904.919065) vcan0 056#3C000000000000
(1586543905.119665) vcan0 056#3D000000000000
(1586543905.320356) vcan0 056#3E000000000000
(1586543905.521139) vcan0 056#3F000000000000
(1586543905.723292) vcan0 056#40000000000000
(1586543905.924882) vcan0 056#41000000000000
(1586543906.126027) vcan0 056#42000000000000
(1586543906.327128) vcan0 056#43000000000000
(1586543906.527397) vcan0 056#44000000000000
(1586543906.729188) vcan0 056#45000000000000
(1586543906.929388) vcan0 056#46000000000000
(1586543907.130216) vcan0 056#47000000000000
(1586543907.332168) vcan0 056#48000000000000
(1586543907.534309) vcan0 056#49000000000000
(1586543907.735512) vcan0 056#4A000000000000
(1586543907.935708) vcan0 056#4B000000000000
(1586543908.136945) vcan0 056#4C000000000000
(1586543908.337852) vcan0 056#4D000000000000
(1586543908.538654) vcan0 056#4E000000000000
(1586543908.739323) vcan0 056#4F000000000000
(1586543908.939814) vcan0 056#50000000000000
(1586543909.140627) vcan0 056#51000000000000
(1586543909.341225) vcan0 056#52000000000000
(1586543909.541456) vcan0 056#53000000000000
(1586543909.742462) vcan0 056#54000000000000
(1586543909.943780) vcan0 056#55000000000000
(1586543910.146082) vcan0 056#56000000000000
(1586543910.347532) vcan0 056#57000000000000
(1586543910.549582) vcan0 056#58000000000000
(1586543910.750591) vcan0 056#59000000000000
(1586543951.794673) vcan0 244#0000009999
(1586543951.799904) vcan0 188#030000
(1586543951.811153) vcan0 19B#00000F
(1586543951.816419) vcan0 19B#000010
(1586543951.828701) vcan0 244#0000009999
(1586543951.833757) vcan0 188#030000
(1586543951.845794) vcan0 19B#00000F
(1586543951.851106) vcan0 19B#000010
(1586543951.856426) vcan0 244#0000009999
(1586543951.861597) vcan0 188#030000
(1586543951.866828) vcan0 19B#00000F
(1586543951.872259) vcan0 19B#000010
(1586543951.877887) vcan0 244#0000009999
(1586543951.883723) vcan0 188#030000
(1586543951.889487) vcan0 19B#00000F
(1586543951.895186) vcan0 19B#000010
(1586543951.900695) vcan0 244#0000009999
(1586543951.907210) vcan0 188#030000
(1586543951.912766) vcan0 19B#00000F
(1586543951.918502) vcan0 19B#000010
(1586543951.924293) vcan0 244#0000009999
(1586543951.929889) vcan0 188#030000
(1586543951.935574) vcan0 19B#00000F
(1586543951.942046) vcan0 19B#000010
(1586543951.947703) vcan0 244#0000009999
(1586543951.953357) vcan0 188#030000
(1586543951.959019) vcan0 19B#00000F
(1586543951.964666) vcan0 19B#000010
(1586543951.970647) vcan0 244#0000009999
(1586543951.976371) vcan0 188#030000
(1586543951.982033) vcan0 19B#00000F
(1586543951.988053) vcan0 19B#000010
(1586543951.993765) vcan0 244#0000009999
(1586543951.999476) vcan0 188#030000
(1586543952.005379) vcan0 19B#00000F
(1586543952.011407) vcan0 19B#000010
(1586543952.017789) vcan0 244#0000009999
(1586543952.048262) vcan0 188#030000
(1586543952.054013) vcan0 19B#00000F
(1586543952.059531) vcan0 19B#000010
(1586543952.065376) vcan0 244#0000009999
(1586543952.071075) vcan0 188#030000
(1586543952.076586) vcan0 19B#00000F
(1586543952.082000) vcan0 19B#000010
(1586543952.087571) vcan0 244#0000009999
(1586543952.093097) vcan0 188#030000
(1586543952.098457) vcan0 19B#00000F
(1586543952.103934) vcan0 19B#000010
(1586543952.109250) vcan0 244#0000009999
(1586543952.114514) vcan0 188#030000
(1586543952.120632) vcan0 19B#00000F
(1586543952.126192) vcan0 19B#000010
(1586543952.131538) vcan0 244#0000009999
(1586543952.137181) vcan0 188#030000
(1586543952.142421) vcan0 19B#00000F
(1586543952.147902) vcan0 19B#000010
(1586543952.153419) vcan0 244#0000009999
(1586543952.158688) vcan0 188#030000
(1586543952.163872) vcan0 19B#00000F
(1586543952.169189) vcan0 19B#000010
(1586543952.174439) vcan0 244#0000009999
(1586543952.179571) vcan0 188#030000
(1586543952.184797) vcan0 19B#00000F
(1586543952.190339) vcan0 19B#000010
(1586543952.195867) vcan0 244#0000009999
(1586543952.201076) vcan0 188#030000
(1586543952.206297) vcan0 19B#00000F
(1586543952.211520) vcan0 19B#000010
(1586543952.216610) vcan0 244#0000009999
(1586543952.222002) vcan0 188#030000
(1586543952.227097) vcan0 19B#00000F
(1586543952.232254) vcan0 19B#000010
(1586543952.237691) vcan0 244#0000009999
(1586543952.242970) vcan0 188#030000
(1586543952.248989) vcan0 19B#00000F
(1586543952.255225) vcan0 19B#000010
(1586543952.260495) vcan0 244#0000009999
(1586543952.265732) vcan0 188#030000
(1586543952.271243) vcan0 19B#00000F
(1586543952.276397) vcan0 19B#000010
(1586543952.281891) vcan0 244#0000009999
(1586543952.287301) vcan0 188#030000
(1586543952.292727) vcan0 19B#00000F
(1586543952.298125) vcan0 19B#000010
(1586543952.303753) vcan0 244#0000009999
(1586543952.308995) vcan0 188#030000
(1586543952.314225) vcan0 19B#00000F
(1586543952.339735) vcan0 19B#000010
(1586543952.345226) vcan0 244#0000009999
(1586543952.350646) vcan0 188#030000
(1586543952.356016) vcan0 19B#00000F
(1586543952.361269) vcan0 19B#000010
(1586543952.366588) vcan0 244#0000009999
(1586543952.372092) vcan0 188#030000
(1586543952.377465) vcan0 19B#00000F
(1586543952.382763) vcan0 19B#000010
(1586543952.388123) vcan0 244#0000009999
(1586543952.394457) vcan0 188#030000
(1586543952.399827) vcan0 19B#00000F
(1586543952.405156) vcan0 19B#000010
(1586543952.410012) vcan0 244#0000009999
(1586543952.415080) vcan0 188#030000
(1586543952.420028) vcan0 19B#00000F
(1586543952.424902) vcan0 19B#000010
(1586543952.429797) vcan0 244#0000009999
(1586543952.434826) vcan0 188#030000
(1586543952.439772) vcan0 19B#00000F
(1586543952.445176) vcan0 19B#000010
(1586543952.450004) vcan0 244#0000009999
(1586543952.455093) vcan0 188#030000
(1586543952.459928) vcan0 19B#00000F
(1586543952.465177) vcan0 19B#000010
(1586543952.470409) vcan0 244#0000009999
(1586543952.475491) vcan0 188#030000
(1586543952.480477) vcan0 19B#00000F
(1586543952.485672) vcan0 19B#000010
(1586543952.490848) vcan0 244#0000009999
(1586543952.495881) vcan0 188#030000
(1586543952.500916) vcan0 19B#00000F
(1586543952.506426) vcan0 19B#000010
(1586543952.511433) vcan0 244#0000009999
(1586543952.516437) vcan0 188#030000
(1586543952.521602) vcan0 19B#00000F
(1586543952.526717) vcan0 19B#000010
(1586543952.531827) vcan0 244#0000009999
(1586543952.537062) vcan0 188#030000
(1586543952.542209) vcan0 19B#00000F
(1586543952.547491) vcan0 19B#000010
(1586543952.552996) vcan0 244#0000009999
(1586543952.558538) vcan0 188#030000
(1586543952.563870) vcan0 19B#00000F
(1586543952.569399) vcan0 19B#000010
(1586543952.574541) vcan0 244#0000009999
(1586543952.580180) vcan0 188#030000
(1586543952.585872) vcan0 19B#00000F
(1586543952.592862) vcan0 19B#000010
(1586543952.618641) vcan0 244#0000009999
(1586543952.626547) vcan0 188#030000
(1586543952.632636) vcan0 19B#00000F
(1586543952.638444) vcan0 19B#000010
(1586543952.643734) vcan0 244#0000009999
(1586543952.649271) vcan0 188#030000
(1586543952.658344) vcan0 19B#00000F
(1586543952.666785) vcan0 19B#000010
(1586543952.672995) vcan0 244#0000009999
(1586543952.679243) vcan0 188#030000
(1586543952.684605) vcan0 19B#00000F
(1586543952.692112) vcan0 19B#000010
(1586543952.698650) vcan0 244#0000009999
(1586543952.705437) vcan0 188#030000
(1586543952.711719) vcan0 19B#00000F
(1586543952.716538) vcan0 19B#000010
(1586543952.723647) vcan0 244#0000009999
(1586543952.729951) vcan0 188#030000
(1586543952.736423) vcan0 19B#00000F
(1586543952.742188) vcan0 19B#000010
(1586543952.748199) vcan0 244#0000009999
(1586543952.754625) vcan0 188#030000
(1586543952.759912) vcan0 19B#00000F
(1586543952.765161) vcan0 19B#000010
(1586543952.770319) vcan0 244#0000009999
(1586543952.775393) vcan0 188#030000
(1586543952.780674) vcan0 19B#00000F
(1586543952.786000) vcan0 19B#000010
(1586543952.791325) vcan0 244#0000009999
(1586543952.796467) vcan0 188#030000
(1586543952.801433) vcan0 19B#00000F
(1586543952.809362) vcan0 19B#000010
(1586543952.814411) vcan0 244#0000009999
(1586543952.819628) vcan0 188#030000
(1586543952.824462) vcan0 19B#00000F
(1586543952.829363) vcan0 19B#000010
(1586543952.834282) vcan0 244#0000009999
(1586543952.839384) vcan0 188#030000
(1586543952.844290) vcan0 19B#00000F
(1586543952.849145) vcan0 19B#000010
(1586543952.854115) vcan0 244#0000009999
(1586543952.859072) vcan0 188#030000
(1586543952.863903) vcan0 19B#00000F
(1586543952.869379) vcan0 19B#000010
(1586543952.874828) vcan0 244#0000009999
(1586543952.879889) vcan0 188#030000
(1586543952.885187) vcan0 19B#00000F
(1586543952.890284) vcan0 19B#000010
(1586543952.895409) vcan0 244#0000009999
(1586543952.900699) vcan0 188#030000
(1586543952.931301) vcan0 19B#00000F
(1586543952.936306) vcan0 19B#000010
(1586543952.944160) vcan0 244#0000009999
(1586543952.951002) vcan0 188#030000
(1586543952.957088) vcan0 19B#00000F
(1586543952.963724) vcan0 19B#000010
(1586543952.970094) vcan0 244#0000009999
(1586543952.975312) vcan0 188#030000
(1586543952.982642) vcan0 19B#00000F
(1586543952.988477) vcan0 19B#000010
(1586543952.994574) vcan0 244#0000009999
(1586543952.999858) vcan0 188#030000
(1586543953.005407) vcan0 19B#00000F
(1586543953.012832) vcan0 19B#000010
(1586543953.020236) vcan0 244#0000009999
(1586543953.026286) vcan0 188#030000
(1586543953.031912) vcan0 19B#00000F
(1586543953.038120) vcan0 19B#000010
(1586543953.044889) vcan0 244#0000009999
(1586543953.051092) vcan0 188#030000
(1586543953.055952) vcan0 19B#00000F
(1586543953.068802) vcan0 19B#000010
(1586543953.075139) vcan0 244#0000009999
(1586543953.083406) vcan0 188#030000
(1586543953.089227) vcan0 19B#00000F
(1586543953.106133) vcan0 19B#000010
(1586543953.115867) vcan0 244#0000009999
(1586543953.123026) vcan0 188#030000
(1586543953.143480) vcan0 19B#00000F
(1586543953.161841) vcan0 19B#000010
(1586543953.169855) vcan0 244#0000009999
(1586543953.176137) vcan0 188#030000
(1586543953.183781) vcan0 19B#00000F
(1586543953.197367) vcan0 19B#000010
(1586543953.203199) vcan0 244#0000009999
(1586543953.209257) vcan0 188#030000
(1586543953.217129) vcan0 19B#00000F
(1586543953.222265) vcan0 19B#000010
(1586543953.233202) vcan0 244#0000009999
(1586543953.251232) vcan0 188#030000
(1586543953.265115) vcan0 19B#00000F
(1586543953.271896) vcan0 19B#000010
(1586543953.289039) vcan0 244#0000009999
(1586543953.300305) vcan0 188#030000
(1586543953.307611) vcan0 19B#00000F
(1586543953.316306) vcan0 19B#000010
(1586543953.321899) vcan0 244#0000009999
(1586543953.331328) vcan0 188#030000
(1586543953.341237) vcan0 19B#00000F
(1586543953.348778) vcan0 19B#000010
(1586543953.380987) vcan0 244#0000009999
(1586543953.386569) vcan0 188#030000
(1586543953.392926) vcan0 19B#00000F
(1586543953.400038) vcan0 19B#000010
(1586543953.407094) vcan0 244#0000009999
(1586543953.413594) vcan0 188#030000
(1586543953.420193) vcan0 19B#00000F
(1586543953.425369) vcan0 19B#000010
(1586543953.432112) vcan0 244#0000009999
(1586543953.439037) vcan0 188#030000
(1586543953.445562) vcan0 19B#00000F
(1586543953.453035) vcan0 19B#000010
(1586543953.458559) vcan0 244#0000009999
(1586543953.464813) vcan0 188#030000
(1586543953.471348) vcan0 19B#00000F
(1586543953.477644) vcan0 19B#000010
(1586543953.483630) vcan0 244#0000009999
(1586543953.488610) vcan0 188#030000
(1586543953.493848) vcan0 19B#00000F
(1586543953.499964) vcan0 19B#000010
(1586543953.505073) vcan0 244#0000009999
(1586543953.510203) vcan0 188#030000
(1586543953.515671) vcan0 19B#00000F
(1586543953.520915) vcan0 19B#000010
(1586543953.525820) vcan0 244#0000009999
(1586543953.531159) vcan0 188#030000
(1586543953.536650) vcan0 19B#00000F
(1586543953.541858) vcan0 19B#000010
(1586543953.547185) vcan0 244#0000009999
(1586543953.552703) vcan0 188#030000
(1586543953.558263) vcan0 19B#00000F
(1586543953.563299) vcan0 19B#000010
(1586543953.568416) vcan0 244#0000009999
(1586543953.573795) vcan0 188#030000
(1586543953.578976) vcan0 19B#00000F
(1586543953.584174) vcan0 19B#000010
(1586543953.589496) vcan0 244#0000009999
(1586543953.594952) vcan0 188#030000
(1586543953.600031) vcan0 19B#00000F
(1586543953.605489) vcan0 19B#000010
(1586543953.610621) vcan0 244#0000009999
(1586543953.615605) vcan0 188#030000
(1586543953.620822) vcan0 19B#00000F
(1586543953.625897) vcan0 19B#000010
(1586543953.631024) vcan0 244#0000009999
(1586543953.636359) vcan0 188#030000
(1586543953.641423) vcan0 19B#00000F
(1586543953.646588) vcan0 19B#000010
(1586543953.651765) vcan0 244#0000009999
(1586543953.657185) vcan0 188#030000
(1586543953.682221) vcan0 19B#00000F
(1586543953.687681) vcan0 19B#000010
(1586543953.693427) vcan0 244#0000009999
(1586543953.698776) vcan0 188#030000
(1586543953.704174) vcan0 19B#00000F
(1586543953.709518) vcan0 19B#000010
(1586543953.715020) vcan0 244#0000009999
(1586543953.720505) vcan0 188#030000
(1586543953.725780) vcan0 19B#00000F
(1586543953.731038) vcan0 19B#000010
(1586543953.736360) vcan0 244#0000009999
(1586543953.741501) vcan0 188#030000
(1586543953.747727) vcan0 19B#00000F
(1586543953.753510) vcan0 19B#000010
(1586543953.758965) vcan0 244#0000009999
(1586543953.764359) vcan0 188#030000
(1586543953.769496) vcan0 19B#00000F
(1586543953.774990) vcan0 19B#000010
(1586543953.780427) vcan0 244#0000009999
(1586543953.786575) vcan0 188#030000
(1586543953.792163) vcan0 19B#00000F
(1586543953.797411) vcan0 19B#000010
(1586543953.802796) vcan0 244#0000009999
(1586543953.808432) vcan0 188#030000
(1586543953.813797) vcan0 19B#00000F
(1586543953.819559) vcan0 19B#000010
(1586543953.825985) vcan0 244#0000009999
(1586543953.832395) vcan0 188#030000
(1586543953.837974) vcan0 19B#00000F
(1586543953.843110) vcan0 19B#000010
(1586543953.848351) vcan0 244#0000009999
(1586543953.853468) vcan0 188#030000
(1586543953.858832) vcan0 19B#00000F
(1586543953.864184) vcan0 19B#000010
(1586543953.869241) vcan0 244#0000009999
(1586543953.876236) vcan0 188#030000
(1586543953.883124) vcan0 19B#00000F
(1586543953.888392) vcan0 19B#000010
(1586543953.895049) vcan0 244#0000009999
(1586543953.899918) vcan0 188#030000
(1586543953.905826) vcan0 19B#00000F
(1586543953.913531) vcan0 19B#000010
(1586543953.919647) vcan0 244#0000009999
(1586543953.925759) vcan0 188#030000
(1586543953.932536) vcan0 19B#00000F
(1586543953.937428) vcan0 19B#000010
(1586543953.945222) vcan0 244#0000009999
(1586543953.951835) vcan0 188#030000
(1586543953.957463) vcan0 19B#00000F
(1586543953.984243) vcan0 19B#000010
(1586543953.992016) vcan0 244#0000009999
(1586543953.998553) vcan0 188#030000
(1586543954.004709) vcan0 19B#00000F
(1586543954.010710) vcan0 19B#000010
(1586543954.016131) vcan0 244#0000009999
(1586543954.021917) vcan0 188#030000
(1586543954.028027) vcan0 19B#00000F
(1586543954.033885) vcan0 19B#000010
(1586543954.039758) vcan0 244#0000009999
(1586543954.044977) vcan0 188#030000
(1586543954.050552) vcan0 19B#00000F
(1586543954.055914) vcan0 19B#000010
(1586543954.061035) vcan0 244#0000009999
(1586543954.066229) vcan0 188#030000
(1586543954.071543) vcan0 19B#00000F
(1586543954.076723) vcan0 19B#000010
(1586543954.081836) vcan0 244#0000009999
(1586543954.087190) vcan0 188#030000
(1586543954.092227) vcan0 19B#00000F
(1586543954.097222) vcan0 19B#000010
(1586543954.102460) vcan0 244#0000009999
(1586543954.107645) vcan0 188#030000
(1586543954.112886) vcan0 19B#00000F
(1586543954.117861) vcan0 19B#000010
(1586543954.123693) vcan0 244#0000009999
(1586543954.129178) vcan0 188#030000
(1586543954.134216) vcan0 19B#00000F
(1586543954.139878) vcan0 19B#000010
(1586543954.145369) vcan0 244#0000009999
(1586543954.150532) vcan0 188#030000
(1586543954.156169) vcan0 19B#00000F
(1586543954.161485) vcan0 19B#000010
(1586543954.166843) vcan0 244#0000009999
(1586543954.172262) vcan0 188#030000
(1586543954.177710) vcan0 19B#00000F
(1586543954.183075) vcan0 19B#000010
(1586543954.188577) vcan0 244#0000009999
(1586543954.195288) vcan0 188#030000
(1586543954.200993) vcan0 19B#00000F
(1586543954.206698) vcan0 19B#000010
(1586543954.211945) vcan0 244#0000009999
(1586543954.217525) vcan0 188#030000
(1586543954.223333) vcan0 19B#00000F
(1586543954.228563) vcan0 19B#000010
(1586543954.242945) vcan0 244#0000009999
(1586543954.259456) vcan0 188#030000
(1586543954.267065) vcan0 19B#00000F
(1586543954.272997) vcan0 19B#000010
(1586543954.279795) vcan0 244#0000009999
(1586543954.307487) vcan0 188#030000
(1586543954.313694) vcan0 19B#00000F
(1586543954.320131) vcan0 19B#000010
(1586543954.325873) vcan0 244#0000009999
(1586543954.333441) vcan0 188#030000
(1586543954.339378) vcan0 19B#00000F
(1586543954.344957) vcan0 19B#000010
(1586543954.351128) vcan0 244#0000009999
(1586543954.356931) vcan0 188#030000
(1586543954.362238) vcan0 19B#00000F
(1586543954.368055) vcan0 19B#000010
(1586543954.373647) vcan0 244#0000009999
(1586543954.379532) vcan0 188#030000
(1586543954.384943) vcan0 19B#00000F
(1586543954.390931) vcan0 19B#000010
(1586543954.396497) vcan0 244#0000009999
(1586543954.401715) vcan0 188#030000
(1586543954.407564) vcan0 19B#00000F
(1586543954.412933) vcan0 19B#000010
(1586543954.418146) vcan0 244#0000009999
(1586543954.423662) vcan0 188#030000
(1586543954.429066) vcan0 19B#00000F
(1586543954.434516) vcan0 19B#000010
(1586543954.439963) vcan0 244#0000009999
(1586543954.446196) vcan0 188#030000
(1586543954.452899) vcan0 19B#00000F
(1586543954.459376) vcan0 19B#000010
(1586543954.465030) vcan0 244#0000009999
(1586543954.471122) vcan0 188#030000
(1586543954.476261) vcan0 19B#00000F
(1586543954.481378) vcan0 19B#000010
(1586543954.486583) vcan0 244#0000009999
(1586543954.491796) vcan0 188#030000
(1586543954.497136) vcan0 19B#00000F
(1586543954.502236) vcan0 19B#000010
(1586543954.507503) vcan0 244#0000009999
(1586543954.512760) vcan0 188#030000
(1586543954.517876) vcan0 19B#00000F
(1586543954.523208) vcan0 19B#000010
(1586543954.528303) vcan0 244#0000009999
(1586543954.533431) vcan0 188#030000
(1586543954.538750) vcan0 19B#00000F
(1586543954.543871) vcan0 19B#000010
(1586543954.549014) vcan0 244#0000009999
(1586543954.554275) vcan0 188#030000
(1586543954.559510) vcan0 19B#00000F
(1586543954.564582) vcan0 19B#000010
(1586543954.569874) vcan0 244#0000009999
(1586543954.575092) vcan0 188#030000
(1586543954.580207) vcan0 19B#00000F
(1586543954.605403) vcan0 19B#000010
(1586543954.611062) vcan0 244#0000009999
(1586543954.616435) vcan0 188#030000
(1586543954.621986) vcan0 19B#00000F
(1586543954.627508) vcan0 19B#000010
(1586543954.632776) vcan0 244#0000009999
(1586543954.638266) vcan0 188#030000
(1586543954.643614) vcan0 19B#00000F
(1586543954.648873) vcan0 19B#000010
(1586543954.654311) vcan0 244#0000009999
(1586543954.659794) vcan0 188#030000
(1586543954.665046) vcan0 19B#00000F
(1586543954.670482) vcan0 19B#000010
(1586543954.675784) vcan0 244#0000009999
(1586543954.681589) vcan0 188#030000
(1586543954.687375) vcan0 19B#00000F
(1586543954.693199) vcan0 19B#000010
(1586543954.698900) vcan0 244#0000009999
(1586543954.704378) vcan0 188#030000
(1586543954.709913) vcan0 19B#00000F
(1586543954.715367) vcan0 19B#000010
(1586543954.720919) vcan0 244#0000009999
(1586543954.726190) vcan0 188#030000
(1586543954.731593) vcan0 19B#00000F
(1586543954.737033) vcan0 19B#000010
(1586543954.742301) vcan0 244#0000009999
(1586543954.747807) vcan0 188#030000
(1586543954.754789) vcan0 19B#00000F
(1586543954.760063) vcan0 19B#000010
(1586543954.765386) vcan0 244#0000009999
(1586543954.770779) vcan0 188#030000
(1586543954.776172) vcan0 19B#00000F
(1586543954.781635) vcan0 19B#000010
(1586543954.787666) vcan0 244#0000009999
(1586543954.793131) vcan0 188#030000
(1586543954.799140) vcan0 19B#00000F
(1586543954.804408) vcan0 19B#000010
(1586543954.809913) vcan0 244#0000009999
(1586543954.815386) vcan0 188#030000
(1586543954.820561) vcan0 19B#00000F
(1586543954.827389) vcan0 19B#000010
(1586543954.836221) vcan0 244#0000009999
(1586543954.841990) vcan0 188#030000
(1586543954.849829) vcan0 19B#00000F
(1586543954.856504) vcan0 19B#000010
(1586543954.862908) vcan0 244#0000009999
(1586543954.868576) vcan0 188#030000
(1586543954.874596) vcan0 19B#00000F
(1586543954.881293) vcan0 19B#000010
(1586543954.888173) vcan0 244#0000009999
(1586543954.923275) vcan0 188#030000
(1586543954.930024) vcan0 19B#00000F
(1586543954.936333) vcan0 19B#000010
(1586543954.943427) vcan0 244#0000009999
(1586543954.951976) vcan0 188#030000
(1586543954.959150) vcan0 19B#00000F
(1586543954.971048) vcan0 19B#000010
(1586543954.976355) vcan0 244#0000009999
(1586543954.983851) vcan0 188#030000
(1586543954.991209) vcan0 19B#00000F
(1586543954.999110) vcan0 19B#000010
(1586543955.005093) vcan0 244#0000009999
(1586543955.010619) vcan0 188#030000
(1586543955.020630) vcan0 19B#00000F
(1586543955.025607) vcan0 19B#000010
(1586543955.032686) vcan0 244#0000009999
(1586543955.040769) vcan0 188#030000
(1586543955.047318) vcan0 19B#00000F
(1586543955.054531) vcan0 19B#000010
(1586543955.061039) vcan0 244#0000009999
(1586543955.067671) vcan0 188#030000
(1586543955.072796) vcan0 19B#00000F
(1586543955.079524) vcan0 19B#000010
(1586543955.085685) vcan0 244#0000009999
(1586543955.093072) vcan0 188#030000
(1586543955.100489) vcan0 19B#00000F
(1586543955.106893) vcan0 19B#000010
(1586543955.111474) vcan0 244#0000009999
(1586543955.123106) vcan0 188#030000
(1586543955.128473) vcan0 19B#00000F
(1586543955.138668) vcan0 19B#000010
(1586543955.143993) vcan0 244#0000009999
(1586543955.154554) vcan0 188#030000
(1586543955.159126) vcan0 19B#00000F
(1586543955.166642) vcan0 19B#000010
(1586543955.185548) vcan0 244#0000009999
(1586543955.195919) vcan0 188#030000
(1586543955.202662) vcan0 19B#00000F
(1586543955.207864) vcan0 19B#000010
(1586543955.220973) vcan0 244#0000009999
(1586543955.226693) vcan0 188#030000
(1586543955.233471) vcan0 19B#00000F
(1586543955.240004) vcan0 19B#000010
(1586543955.244871) vcan0 244#0000009999
(1586543955.258624) vcan0 188#030000
(1586543955.266671) vcan0 19B#00000F
(1586543955.273183) vcan0 19B#000010
(1586543955.278483) vcan0 244#0000009999
(1586543955.285098) vcan0 188#030000
(1586543955.314343) vcan0 19B#00000F
(1586543955.322314) vcan0 19B#000010
(1586543955.328996) vcan0 244#0000009999
(1586543955.335113) vcan0 188#030000
(1586543955.340500) vcan0 19B#00000F
(1586543955.347398) vcan0 19B#000010
(1586543955.354328) vcan0 244#0000009999
(1586543955.360060) vcan0 188#030000
(1586543955.366663) vcan0 19B#00000F
(1586543955.372094) vcan0 19B#000010
(1586543955.378972) vcan0 244#0000009999
(1586543955.385790) vcan0 188#030000
(1586543955.391801) vcan0 19B#00000F
(1586543955.398917) vcan0 19B#000010
(1586543955.404821) vcan0 244#0000009999
(1586543955.410648) vcan0 188#030000
(1586543955.417799) vcan0 19B#00000F
(1586543955.423671) vcan0 19B#000010
(1586543955.429075) vcan0 244#0000009999
(1586543955.434946) vcan0 188#030000
(1586543955.440559) vcan0 19B#00000F
(1586543955.446741) vcan0 19B#000010
(1586543955.452552) vcan0 244#0000009999
(1586543955.457865) vcan0 188#030000
(1586543955.463282) vcan0 19B#00000F
(1586543955.468717) vcan0 19B#000010
(1586543955.474109) vcan0 244#0000009999
(1586543955.479380) vcan0 188#030000
(1586543955.484884) vcan0 19B#00000F
(1586543955.490110) vcan0 19B#000010
(1586543955.495412) vcan0 244#0000009999
(1586543955.500404) vcan0 188#030000
(1586543955.506042) vcan0 19B#00000F
(1586543955.511451) vcan0 19B#000010
(1586543955.516717) vcan0 244#0000009999
(1586543955.521839) vcan0 188#030000
(1586543955.527230) vcan0 19B#00000F
(1586543955.532494) vcan0 19B#000010
(1586543955.537672) vcan0 244#0000009999
(1586543955.555913) vcan0 188#030000
(1586543955.560803) vcan0 19B#00000F
(1586543955.570660) vcan0 19B#000010
(1586543955.575924) vcan0 244#0000009999
(1586543955.581486) vcan0 188#030000
(1586543955.590044) vcan0 19B#00000F
(1586543955.596283) vcan0 19B#000010
(1586543955.602780) vcan0 244#0000009999
(1586543955.607666) vcan0 188#030000
(1586543955.612974) vcan0 19B#00000F
(1586543955.618322) vcan0 19B#000010
(1586543955.646419) vcan0 244#0000009999
(1586543955.652218) vcan0 188#030000
(1586543955.658070) vcan0 19B#00000F
(1586543955.663358) vcan0 19B#000010
(1586543955.668657) vcan0 244#0000009999
(1586543955.674131) vcan0 188#030000
(1586543955.679440) vcan0 19B#00000F
(1586543955.685021) vcan0 19B#000010
(1586543955.690573) vcan0 244#0000009999
(1586543955.696203) vcan0 188#030000
(1586543955.701186) vcan0 19B#00000F
(1586543955.706614) vcan0 19B#000010
(1586543955.711795) vcan0 244#0000009999
(1586543955.716931) vcan0 188#030000
(1586543955.722281) vcan0 19B#00000F
(1586543955.727584) vcan0 19B#000010
(1586543955.732571) vcan0 244#0000009999
(1586543955.738066) vcan0 188#030000
(1586543955.743374) vcan0 19B#00000F
(1586543955.749952) vcan0 19B#000010
(1586543955.755288) vcan0 244#0000009999
(1586543955.760406) vcan0 188#030000
(1586543955.766254) vcan0 19B#00000F
(1586543955.771521) vcan0 19B#000010
(1586543955.776597) vcan0 244#0000009999
(1586543955.781910) vcan0 188#030000
(1586543955.787436) vcan0 19B#00000F
(1586543955.792554) vcan0 19B#000010
(1586543955.797535) vcan0 244#0000009999
(1586543955.802600) vcan0 188#030000
(1586543955.807886) vcan0 19B#00000F
(1586543955.812798) vcan0 19B#000010
(1586543955.817850) vcan0 244#0000009999
(1586543955.823151) vcan0 188#030000
(1586543955.828088) vcan0 19B#00000F
(1586543955.833083) vcan0 19B#000010
(1586543955.838231) vcan0 244#0000009999
(1586543955.843279) vcan0 188#030000
(1586543955.848327) vcan0 19B#00000F
(1586543955.853492) vcan0 19B#000010
(1586543955.858723) vcan0 244#0000009999
(1586543955.863659) vcan0 188#030000
(1586543955.868753) vcan0 19B#00000F
(1586543955.873959) vcan0 19B#000010
(1586543955.879033) vcan0 244#0000009999
(1586543955.884063) vcan0 188#030000
(1586543955.889213) vcan0 19B#00000F
(1586543955.894240) vcan0 19B#000010
(1586543955.899439) vcan0 244#0000009999
(1586543955.904632) vcan0 188#030000
(1586543955.929967) vcan0 19B#00000F
(1586543955.936353) vcan0 19B#000010
(1586543955.942151) vcan0 244#0000009999
(1586543955.948000) vcan0 188#030000
(1586543955.953131) vcan0 19B#00000F
(1586543955.959083) vcan0 19B#000010
(1586543955.964438) vcan0 244#0000009999
(1586543955.970184) vcan0 188#030000
(1586543955.975506) vcan0 19B#00000F
(1586543955.980519) vcan0 19B#000010
(1586543955.985568) vcan0 244#0000009999
(1586543955.990998) vcan0 188#030000
(1586543955.996089) vcan0 19B#00000F
(1586543956.001551) vcan0 19B#000010
(1586543956.007047) vcan0 244#0000009999
(1586543956.012644) vcan0 188#030000
(1586543956.018174) vcan0 19B#00000F
(1586543956.023747) vcan0 19B#000010
(1586543956.030288) vcan0 244#0000009999
(1586543956.036017) vcan0 188#030000
(1586543956.041456) vcan0 19B#00000F
(1586543956.047132) vcan0 19B#000010
(1586543956.052459) vcan0 244#0000009999
(1586543956.057849) vcan0 188#030000
(1586543956.063117) vcan0 19B#00000F
(1586543956.068193) vcan0 19B#000010
(1586543956.073372) vcan0 244#0000009999
(1586543956.078724) vcan0 188#030000
(1586543956.083854) vcan0 19B#00000F
(1586543956.089061) vcan0 19B#000010
(1586543956.094547) vcan0 244#0000009999
(1586543956.099565) vcan0 188#030000
(1586543956.104704) vcan0 19B#00000F
(1586543956.113031) vcan0 19B#000010
(1586543956.120154) vcan0 244#0000009999
(1586543956.125582) vcan0 188#030000
(1586543956.133375) vcan0 19B#00000F
(1586543956.139611) vcan0 19B#000010
(1586543956.149468) vcan0 244#0000009999
(1586543956.155733) vcan0 188#030000
(1586543956.161240) vcan0 19B#00000F
(1586543956.166961) vcan0 19B#000010
(1586543956.173574) vcan0 244#0000009999
(1586543956.179935) vcan0 188#030000
(1586543956.191676) vcan0 19B#00000F
(1586543956.198834) vcan0 19B#000010
(1586543956.207238) vcan0 244#0000009999
(1586543956.211596) vcan0 188#030000
(1586543956.217930) vcan0 19B#00000F
(1586543956.256266) vcan0 19B#000010
(1586543956.261023) vcan0 244#0000009999
(1586543956.269475) vcan0 188#030000
(1586543956.274345) vcan0 19B#00000F
(1586543956.279362) vcan0 19B#000010
(1586543956.284202) vcan0 244#0000009999
(1586543956.289113) vcan0 188#030000
(1586543956.294009) vcan0 19B#00000F
(1586543956.298965) vcan0 19B#000010
(1586543956.303681) vcan0 244#0000009999
(1586543956.308527) vcan0 188#030000
(1586543956.313393) vcan0 19B#00000F
(1586543956.318347) vcan0 19B#000010
(1586543956.323471) vcan0 244#0000009999
(1586543956.328313) vcan0 188#030000
(1586543956.333694) vcan0 19B#00000F
(1586543956.338897) vcan0 19B#000010
(1586543956.343904) vcan0 244#0000009999
(1586543956.348823) vcan0 188#030000
(1586543956.353853) vcan0 19B#00000F
(1586543956.359029) vcan0 19B#000010
(1586543956.364017) vcan0 244#0000009999
(1586543956.368693) vcan0 188#030000
(1586543956.373885) vcan0 19B#00000F
(1586543956.379231) vcan0 19B#000010
(1586543956.384049) vcan0 244#0000009999
(1586543956.389100) vcan0 188#030000
(1586543956.394243) vcan0 19B#00000F
(1586543956.399110) vcan0 19B#000010
(1586543956.404120) vcan0 244#0000009999
(1586543956.409011) vcan0 188#030000
(1586543956.414037) vcan0 19B#00000F
(1586543956.419207) vcan0 19B#000010
(1586543956.424240) vcan0 244#0000009999
(1586543956.429463) vcan0 188#030000
(1586543956.434718) vcan0 19B#00000F
(1586543956.439593) vcan0 19B#000010
(1586543956.445243) vcan0 244#0000009999
(1586543956.450505) vcan0 188#030000
(1586543956.455391) vcan0 19B#00000F
(1586543956.460668) vcan0 19B#000010
(1586543956.465395) vcan0 244#0000009999
(1586543956.470589) vcan0 188#030000
(1586543956.475871) vcan0 19B#00000F
(1586543956.480941) vcan0 19B#000010
(1586543956.485746) vcan0 244#0000009999
(1586543956.491211) vcan0 188#030000
(1586543956.496118) vcan0 19B#00000F
(1586543956.500936) vcan0 19B#000010
(1586543956.511032) vcan0 244#0000009999
(1586543956.544074) vcan0 188#030000
(1586543956.549095) vcan0 19B#00000F
(1586543956.557438) vcan0 19B#000010
(1586543956.563502) vcan0 244#0000009999
(1586543956.570336) vcan0 188#030000
(1586543956.576095) vcan0 19B#00000F
(1586543956.580810) vcan0 19B#000010
(1586543956.586802) vcan0 244#0000009999
(1586543956.592677) vcan0 188#030000
(1586543956.599341) vcan0 19B#00000F
(1586543956.604175) vcan0 19B#000010
(1586543956.609179) vcan0 244#0000009999
(1586543956.614516) vcan0 188#030000
(1586543956.619701) vcan0 19B#00000F
(1586543956.625269) vcan0 19B#000010
(1586543956.630447) vcan0 244#0000009999
(1586543956.635408) vcan0 188#030000
(1586543956.640530) vcan0 19B#00000F
(1586543956.645584) vcan0 19B#000010
(1586543956.650548) vcan0 244#0000009999
(1586543956.655457) vcan0 188#030000
(1586543956.660803) vcan0 19B#00000F
(1586543956.665724) vcan0 19B#000010
(1586543956.670646) vcan0 244#0000009999
(1586543956.675587) vcan0 188#030000
(1586543956.680392) vcan0 19B#00000F
(1586543956.685272) vcan0 19B#000010
(1586543956.690171) vcan0 244#0000009999
(1586543956.695670) vcan0 188#030000
(1586543956.700445) vcan0 19B#00000F
(1586543956.705227) vcan0 19B#000010
(1586543956.710290) vcan0 244#0000009999
(1586543956.715136) vcan0 188#030000
(1586543956.719994) vcan0 19B#00000F
(1586543956.724968) vcan0 19B#000010
(1586543956.729829) vcan0 244#0000009999
(1586543956.734670) vcan0 188#030000
(1586543956.739378) vcan0 19B#00000F
(1586543956.744270) vcan0 19B#000010
(1586543956.750872) vcan0 244#0000009999
(1586543956.755757) vcan0 188#030000
(1586543956.760773) vcan0 19B#00000F
(1586543956.765940) vcan0 19B#000010
(1586543956.770970) vcan0 244#0000009999
(1586543956.775890) vcan0 188#030000
(1586543956.780885) vcan0 19B#00000F
(1586543956.785775) vcan0 19B#000010
(1586543956.790992) vcan0 244#0000009999
(1586543956.795842) vcan0 188#030000
(1586543956.820261) vcan0 19B#00000F
(1586543956.826830) vcan0 19B#000010
(1586543956.831938) vcan0 244#0000009999
(1586543956.836978) vcan0 188#030000
(1586543956.842225) vcan0 19B#00000F
(1586543956.847361) vcan0 19B#000010
(1586543956.852352) vcan0 244#0000009999
(1586543956.857676) vcan0 188#030000
(1586543956.862692) vcan0 19B#00000F
(1586543956.867563) vcan0 19B#000010
(1586543956.872558) vcan0 244#0000009999
(1586543956.877648) vcan0 188#030000
(1586543956.882652) vcan0 19B#00000F
(1586543956.887501) vcan0 19B#000010
(1586543956.892648) vcan0 244#0000009999
(1586543956.897671) vcan0 188#030000
(1586543956.902624) vcan0 19B#00000F
(1586543956.907860) vcan0 19B#000010
